1.18.0;fd00c652;Dec-12-2016;INFO;Entidade ou Source Code nâo existem
1.18.0;fd00c652;Dec-12-2016;INFO;Entidade ou Source Code nâo existem
1.18.0;fd00c652;Dec-12-2016;INFO;Entidade ou Source Code nâo existem
1.18.0;fd00c652;Dec-12-2016;INFO;Entidade ou Source Code nâo existem
1.18.0;fd00c652;Dec-12-2016;INFO;Entidade ou Source Code nâo existem
1.18.0;fd00c652;Dec-12-2016;014;[br.gov.dpf.epol.validator.procedimento.ProcedimentoValidador.validarProcedimentoCasoSiscart(br.gov.dpf.epol.pojo.procedimento.Procedimento,java.lang.Long)]
1.18.0;fd00c652;Dec-12-2016;014;[br.gov.dpf.epol.validator.lei.DispositivoNormaValidador.validarDispositivosDeRoteiro(br.gov.dpf.epol.pojo.roteiro.RoteiroInvestigacao,java.util.Set)]
1.18.0;fd00c652;Dec-12-2016;014;[br.gov.dpf.epol.validator.lei.DispositivoNormaValidador.validarDispositivosDeConduta(br.gov.dpf.epol.pojo.envolvimento.Conduta,java.util.Set)]
1.18.0;fd00c652;Dec-12-2016;014;[br.gov.dpf.epol.validator.lei.DispositivoNormaValidador.verificaExistenciaDispositivos(br.gov.dpf.epol.pojo.lei.DispositivoNorma)]
1.18.0;fd00c652;Dec-12-2016;014;[br.gov.dpf.epol.validator.destinatario.DestinatarioValidador.validarEmail(java.lang.String)]
1.18.0;fd00c652;Dec-12-2016;014;[br.gov.dpf.epol.validator.destinatario.DestinatarioValidador.validarEmail(java.lang.String)]
1.18.0;fd00c652;Dec-12-2016;014;[br.gov.dpf.epol.validator.RestValidador.temAtributo(java.lang.Class,java.lang.String)]
1.18.0;fd00c652;Dec-12-2016;014;[br.gov.dpf.epol.validator.RestValidador.temAtributo(java.lang.Class,java.lang.String)]
1.18.0;fd00c652;Dec-12-2016;014;[br.gov.dpf.epol.validator.RestValidador.validarAtualizacao(java.lang.Object,java.util.Collection)]
1.18.0;fd00c652;Dec-12-2016;014;[br.gov.dpf.epol.validator.caso.CasoNovoValidador.validarRedistribuicaoDeCarga(br.gov.dpf.epol.pojo.usuario.RedistribuicaoDeCargaDTO)]
1.18.0;fd00c652;Dec-12-2016;014;[br.gov.dpf.epol.validator.caso.CasoNovoValidador.validarMunicipio(br.gov.dpf.epol.pojo.caso.CasoNovo)]
1.18.0;fd00c652;Dec-12-2016;014;[br.gov.dpf.epol.validator.caso.CasoNovoValidador.getFiltroCaso(java.lang.Long)]
1.18.0;fd00c652;Dec-12-2016;014;[br.gov.dpf.epol.validator.caso.CasoNovoValidador.getFiltroCaso(java.lang.Long)]
1.18.0;fd00c652;Dec-12-2016;014;[br.gov.dpf.epol.validator.caso.CasoNovoValidador.getFiltroCaso(java.lang.Long)]
1.18.0;fd00c652;Dec-12-2016;014;[br.gov.dpf.epol.validator.caso.CasoNovoValidador.validarCapturarPendencia(br.gov.dpf.epol.pojo.caso.CasoNovo,br.gov.dpf.epol.pojo.caso.CasoNovo,br.gov.dpf.epol.pojo.usuario.Usuario)]
1.18.0;fd00c652;Dec-12-2016;014;[br.gov.dpf.epol.validator.caso.CasoNovoValidador.isMesmaUnidade(br.gov.dpf.epol.pojo.caso.CasoNovo,br.gov.dpf.epol.pojo.usuario.Usuario)]
1.18.0;fd00c652;Dec-12-2016;014;[br.gov.dpf.epol.validator.caso.CasoNovoValidador.validaAvocacaoDeCaso(br.gov.dpf.epol.pojo.egp.Servidor,br.gov.dpf.epol.pojo.egp.Servidor,br.gov.dpf.epol.pojo.egp.Servidor,java.lang.String)]
1.18.0;fd00c652;Dec-12-2016;014;[br.gov.dpf.epol.validator.caso.CasoNovoValidador.validarDataEmissao(java.util.Date)]
1.18.0;fd00c652;Dec-12-2016;014;[br.gov.dpf.epol.validator.template.TemplatePecaValidador.validarCadastroTemplatePeca(br.gov.dpf.epol.pojo.peca.template.TemplatePeca)]
1.18.0;fd00c652;Dec-12-2016;014;[br.gov.dpf.epol.validator.template.TemplatePecaValidador.validarAtualizarTemplatePeca(java.lang.Long,br.gov.dpf.epol.pojo.peca.template.TemplatePeca)]
1.18.0;fd00c652;Dec-12-2016;014;[br.gov.dpf.epol.validator.envolvimento.IndiciamentoValidador.validaCaso(java.lang.Long)]
1.18.0;fd00c652;Dec-12-2016;014;[br.gov.dpf.epol.validator.caso.CasoNovoValidador.validarRedistribuicaoDeCarga(br.gov.dpf.epol.pojo.usuario.RedistribuicaoDeCargaDTO)]
1.18.0;fd00c652;Dec-12-2016;014;[br.gov.dpf.epol.validator.caso.CasoNovoValidador.validarMunicipio(br.gov.dpf.epol.pojo.caso.CasoNovo)]
1.18.0;fd00c652;Dec-12-2016;014;[br.gov.dpf.epol.validator.caso.CasoNovoValidador.getFiltroCaso(java.lang.Long)]
1.18.0;fd00c652;Dec-12-2016;014;[br.gov.dpf.epol.validator.caso.CasoNovoValidador.getFiltroCaso(java.lang.Long)]
1.18.0;fd00c652;Dec-12-2016;014;[br.gov.dpf.epol.validator.caso.CasoNovoValidador.getFiltroCaso(java.lang.Long)]
1.18.0;fd00c652;Dec-12-2016;014;[br.gov.dpf.epol.validator.caso.CasoNovoValidador.validarCapturarPendencia(br.gov.dpf.epol.pojo.caso.CasoNovo,br.gov.dpf.epol.pojo.caso.CasoNovo,br.gov.dpf.epol.pojo.usuario.Usuario)]
1.18.0;fd00c652;Dec-12-2016;014;[br.gov.dpf.epol.validator.caso.CasoNovoValidador.isMesmaUnidade(br.gov.dpf.epol.pojo.caso.CasoNovo,br.gov.dpf.epol.pojo.usuario.Usuario)]
1.18.0;fd00c652;Dec-12-2016;014;[br.gov.dpf.epol.validator.caso.CasoNovoValidador.validaAvocacaoDeCaso(br.gov.dpf.epol.pojo.egp.Servidor,br.gov.dpf.epol.pojo.egp.Servidor,br.gov.dpf.epol.pojo.egp.Servidor,java.lang.String)]
1.18.0;fd00c652;Dec-12-2016;014;[br.gov.dpf.epol.validator.caso.CasoNovoValidador.validarDataEmissao(java.util.Date)]
1.18.0;fd00c652;Dec-12-2016;014;[br.gov.dpf.epol.validator.seguranca.ValidadorAcesso.isAdminLogado(br.gov.dpf.epol.pojo.usuario.Usuario)]
1.18.0;fd00c652;Dec-12-2016;014;[br.gov.dpf.epol.validator.seguranca.ValidadorAcesso.isAdminLogado(br.gov.dpf.epol.pojo.usuario.Usuario)]
1.18.0;fd00c652;Dec-12-2016;014;[br.gov.dpf.epol.validator.seguranca.ValidadorAcesso.temPermissaoLeituraNoCaso(br.gov.dpf.epol.pojo.usuario.Usuario,java.lang.Long)]
1.18.0;fd00c652;Dec-12-2016;014;[br.gov.dpf.epol.validator.seguranca.ValidadorAcesso.temPermissaoEscritaNoCaso(br.gov.dpf.epol.pojo.usuario.Usuario,java.lang.Long)]
1.18.0;fd00c652;Dec-12-2016;014;[br.gov.dpf.epol.validator.seguranca.ValidadorAcesso.temPermissaoEscritaNoCaso(br.gov.dpf.epol.pojo.usuario.Usuario,java.lang.Long)]
1.18.0;fd00c652;Dec-12-2016;014;[br.gov.dpf.epol.validator.seguranca.ValidadorAcesso.temPermissaoEscritaNoCaso(br.gov.dpf.epol.pojo.usuario.Usuario,java.lang.Long)]
1.18.0;fd00c652;Dec-12-2016;014;[br.gov.dpf.epol.validator.seguranca.ValidadorAcesso.temPermissaoLeituraNoCaso(br.gov.dpf.epol.pojo.usuario.Usuario,br.gov.dpf.epol.pojo.caso.Caso)]
1.18.0;fd00c652;Dec-12-2016;014;[br.gov.dpf.epol.validator.seguranca.ValidadorAcesso.isAdminLogado(br.gov.dpf.epol.pojo.usuario.Usuario)]
1.18.0;fd00c652;Dec-12-2016;014;[br.gov.dpf.epol.validator.seguranca.ValidadorAcesso.isAdminLogado(br.gov.dpf.epol.pojo.usuario.Usuario)]
1.18.0;fd00c652;Dec-12-2016;014;[br.gov.dpf.epol.validator.seguranca.ValidadorAcessoCaso.isDistribuicaoCaso(com.fasterxml.jackson.databind.JsonNode)]
1.18.0;fd00c652;Dec-12-2016;014;[br.gov.dpf.epol.validator.seguranca.ValidadorAcessoCaso.isDistribuicaoCaso(com.fasterxml.jackson.databind.JsonNode)]
1.18.0;fd00c652;Dec-12-2016;014;[br.gov.dpf.epol.validator.seguranca.ValidadorAcesso.temPermissaoLeituraNoCaso(br.gov.dpf.epol.pojo.usuario.Usuario,java.lang.Long)]
1.18.0;fd00c652;Dec-12-2016;014;[br.gov.dpf.epol.validator.seguranca.ValidadorAcesso.temPermissaoLeituraNoCaso(br.gov.dpf.epol.pojo.usuario.Usuario,br.gov.dpf.epol.pojo.caso.Caso)]
1.18.0;fd00c652;Dec-12-2016;014;[br.gov.dpf.epol.validator.seguranca.ValidadorAcessoCaso.isDesarquivandoCaso(com.fasterxml.jackson.databind.JsonNode)]
1.18.0;fd00c652;Dec-12-2016;014;[br.gov.dpf.epol.validator.seguranca.ValidadorAcesso.temPermissaoEscritaNoCaso(br.gov.dpf.epol.pojo.usuario.Usuario,java.lang.Long)]
1.18.0;fd00c652;Dec-12-2016;014;[br.gov.dpf.epol.validator.seguranca.ValidadorAcesso.temPermissaoEscritaNoCaso(br.gov.dpf.epol.pojo.usuario.Usuario,java.lang.Long)]
1.18.0;fd00c652;Dec-12-2016;014;[br.gov.dpf.epol.validator.seguranca.ValidadorAcesso.temPermissaoEscritaNoCaso(br.gov.dpf.epol.pojo.usuario.Usuario,java.lang.Long)]
1.18.0;fd00c652;Dec-12-2016;014;[br.gov.dpf.epol.validator.seguranca.ValidadorAcessoCaso.isModificarArquivadoPermitido(br.gov.dpf.epol.pojo.caso.Caso,br.gov.dpf.epol.pojo.usuario.Usuario)]
1.18.0;fd00c652;Dec-12-2016;014;[br.gov.dpf.epol.validator.seguranca.ValidadorAcessoCaso.temPermissaoModificarCasoSigiloso(br.gov.dpf.epol.pojo.caso.Caso,br.gov.dpf.epol.pojo.usuario.Usuario)]
1.18.0;fd00c652;Dec-12-2016;014;[br.gov.dpf.epol.validator.tarefa.TarefaValidador$1.apply(br.gov.dpf.epol.pojo.tarefa.Justificativa)]
1.18.0;fd00c652;Dec-12-2016;014;[br.gov.dpf.epol.validator.tarefa.TarefaValidador$1.apply(br.gov.dpf.epol.pojo.tarefa.Justificativa)]
1.18.0;fd00c652;Dec-12-2016;014;[br.gov.dpf.epol.validator.tarefa.TarefaValidador$1.apply(br.gov.dpf.epol.pojo.tarefa.Justificativa)]
1.18.0;fd00c652;Dec-12-2016;014;[br.gov.dpf.epol.validator.tarefa.TarefaValidador.validarCartaPrecatoria(br.gov.dpf.epol.pojo.tarefa.Tarefa)]
1.18.0;fd00c652;Dec-12-2016;014;[br.gov.dpf.epol.validator.tarefa.TarefaValidador.validaRedistribuicao(br.gov.dpf.epol.pojo.tarefa.Tarefa,br.gov.dpf.epol.pojo.egp.Servidor,br.gov.dpf.epol.pojo.egp.Servidor,br.gov.dpf.epol.pojo.egp.Servidor)]
1.18.0;fd00c652;Dec-12-2016;014;[br.gov.dpf.epol.validator.tarefa.TarefaValidador.validaRedistribuicao(br.gov.dpf.epol.pojo.tarefa.Tarefa,br.gov.dpf.epol.pojo.egp.Servidor,br.gov.dpf.epol.pojo.egp.Servidor,br.gov.dpf.epol.pojo.egp.Servidor)]
1.18.0;fd00c652;Dec-12-2016;014;[br.gov.dpf.epol.validator.tarefa.TarefaValidador.validarMaquinaDeEstado(br.gov.dpf.epol.pojo.tarefa.Tarefa)]
1.18.0;fd00c652;Dec-12-2016;014;[br.gov.dpf.epol.validator.tarefa.TarefaValidador.validarCancelar(br.gov.dpf.epol.pojo.tarefa.Tarefa)]
1.18.0;fd00c652;Dec-12-2016;014;[br.gov.dpf.epol.validator.tarefa.TarefaValidador.validarCancelar(br.gov.dpf.epol.pojo.tarefa.Tarefa)]
1.18.0;fd00c652;Dec-12-2016;014;[br.gov.dpf.epol.validator.tarefa.TarefaValidador.hasJustificativaDeVencimento(br.gov.dpf.epol.pojo.tarefa.Tarefa)]
1.18.0;fd00c652;Dec-12-2016;014;[br.gov.dpf.epol.validator.tarefa.TarefaValidador.isPrazoEsgotado(br.gov.dpf.epol.pojo.tarefa.Tarefa)]
1.18.0;fd00c652;Dec-12-2016;014;[br.gov.dpf.epol.validator.tarefa.TarefaValidador.validarRejeitar(br.gov.dpf.epol.pojo.tarefa.Tarefa)]
1.18.0;fd00c652;Dec-12-2016;014;[br.gov.dpf.epol.validator.tarefa.TarefaValidador.validarRejeitar(br.gov.dpf.epol.pojo.tarefa.Tarefa)]
1.18.0;fd00c652;Dec-12-2016;014;[br.gov.dpf.epol.validator.tarefa.TarefaValidador.validarConcluirComSucesso(br.gov.dpf.epol.pojo.tarefa.Tarefa,boolean)]
1.18.0;fd00c652;Dec-12-2016;014;[br.gov.dpf.epol.validator.tarefa.TarefaValidador.validarConcluirComSucesso(br.gov.dpf.epol.pojo.tarefa.Tarefa,boolean)]
1.18.0;fd00c652;Dec-12-2016;014;[br.gov.dpf.epol.validator.tarefa.TarefaValidador.isTarefaPrazoRigido(br.gov.dpf.epol.pojo.tarefa.Tarefa)]
1.18.0;fd00c652;Dec-12-2016;014;[br.gov.dpf.epol.validator.tarefa.TarefaValidador.addParametroTemJustificativaVencimento(br.gov.dpf.epol.pojo.tarefa.Tarefa,br.gov.dpf.epol.services.tarefa.SituacaoTarefa)]
1.18.0;fd00c652;Dec-12-2016;014;[br.gov.dpf.epol.validator.tarefa.TarefaValidador.hasJustitivicativa(br.gov.dpf.epol.pojo.tarefa.TipoJustificativa,br.gov.dpf.epol.pojo.tarefa.Tarefa)]
1.18.0;fd00c652;Dec-12-2016;014;[br.gov.dpf.epol.validator.tarefa.TarefaValidador.validarConcluirSemSucesso(br.gov.dpf.epol.pojo.tarefa.Tarefa)]
1.18.0;fd00c652;Dec-12-2016;014;[br.gov.dpf.epol.validator.tarefa.TarefaValidador.validarConcluirSemSucesso(br.gov.dpf.epol.pojo.tarefa.Tarefa)]
1.18.0;fd00c652;Dec-12-2016;014;[br.gov.dpf.epol.validator.tarefa.TarefaValidador.hasMaterialComEstado(br.gov.dpf.epol.pojo.material.EstadoMaterial[],java.lang.Long)]
1.18.0;fd00c652;Dec-12-2016;014;[br.gov.dpf.epol.validator.tarefa.TarefaValidador.hasMaterialComEstado(br.gov.dpf.epol.pojo.material.EstadoMaterial[],java.lang.Long)]
1.18.0;fd00c652;Dec-12-2016;014;[br.gov.dpf.epol.validator.tarefa.TarefaValidador.hasMaterialComEstado(br.gov.dpf.epol.pojo.material.EstadoMaterial[],java.lang.Long)]
1.18.0;fd00c652;Dec-12-2016;014;[br.gov.dpf.epol.validator.tarefa.TarefaValidador.hasMaterialComEstado(br.gov.dpf.epol.pojo.material.EstadoMaterial[],java.lang.Long)]
1.18.0;fd00c652;Dec-12-2016;014;[br.gov.dpf.epol.validator.tarefa.TarefaValidador.hasMaterialComEstado(br.gov.dpf.epol.pojo.material.EstadoMaterial[],java.lang.Long)]
1.18.0;fd00c652;Dec-12-2016;014;[br.gov.dpf.epol.validator.tarefa.ValidadorDespacho.validarCancelar(br.gov.dpf.epol.pojo.tarefa.Tarefa)]
1.18.0;fd00c652;Dec-12-2016;014;[br.gov.dpf.epol.validator.tarefa.ValidadorDespacho.validarCancelar(br.gov.dpf.epol.pojo.tarefa.Tarefa)]
1.18.0;fd00c652;Dec-12-2016;014;[br.gov.dpf.epol.validator.envolvido.PessoaValidator.validarEmail(java.lang.String)]
1.18.0;fd00c652;Dec-12-2016;014;[br.gov.dpf.epol.validator.envolvido.PessoaValidator.validarEmail(java.lang.String)]
1.18.0;fd00c652;Dec-12-2016;014;[br.gov.dpf.epol.validator.envolvido.PessoaValidator.validarDataNascimento(java.util.Date)]
1.18.0;fd00c652;Dec-12-2016;014;[br.gov.dpf.epol.validator.envolvido.PessoaValidator.validarCPF(java.lang.String)]
1.18.0;fd00c652;Dec-12-2016;014;[br.gov.dpf.epol.validator.envolvido.PessoaValidator.validarCPF(java.lang.String)]
1.18.0;fd00c652;Dec-12-2016;014;[br.gov.dpf.epol.validator.envolvido.PessoaValidator.validarCNPJ(java.lang.String)]
1.18.0;fd00c652;Dec-12-2016;014;[br.gov.dpf.epol.validator.envolvido.PessoaValidator.validarCNPJ(java.lang.String)]
1.18.0;fd00c652;Dec-12-2016;014;[br.gov.dpf.epol.validator.material.MaterialValidador.validarDetalhesArrecadacao(java.lang.String)]
1.18.0;fd00c652;Dec-12-2016;014;[br.gov.dpf.epol.validator.material.MaterialValidador.validarDescricao(java.lang.String)]
1.18.0;fd00c652;Dec-12-2016;014;[br.gov.dpf.epol.validator.tarefa.TarefaValidador.validarCartaPrecatoria(br.gov.dpf.epol.pojo.tarefa.Tarefa)]
1.18.0;fd00c652;Dec-12-2016;014;[br.gov.dpf.epol.validator.tarefa.ValidadorIntimar.validarConcluirComSucesso(br.gov.dpf.epol.pojo.tarefa.Tarefa)]
1.18.0;fd00c652;Dec-12-2016;014;[br.gov.dpf.epol.validator.tarefa.TarefaValidador.validaRedistribuicao(br.gov.dpf.epol.pojo.tarefa.Tarefa,br.gov.dpf.epol.pojo.egp.Servidor,br.gov.dpf.epol.pojo.egp.Servidor,br.gov.dpf.epol.pojo.egp.Servidor)]
1.18.0;fd00c652;Dec-12-2016;014;[br.gov.dpf.epol.validator.tarefa.TarefaValidador.validaRedistribuicao(br.gov.dpf.epol.pojo.tarefa.Tarefa,br.gov.dpf.epol.pojo.egp.Servidor,br.gov.dpf.epol.pojo.egp.Servidor,br.gov.dpf.epol.pojo.egp.Servidor)]
1.18.0;fd00c652;Dec-12-2016;014;[br.gov.dpf.epol.validator.tarefa.TarefaValidador.validarMaquinaDeEstado(br.gov.dpf.epol.pojo.tarefa.Tarefa)]
1.18.0;fd00c652;Dec-12-2016;014;[br.gov.dpf.epol.validator.tarefa.TarefaValidador.validarCancelar(br.gov.dpf.epol.pojo.tarefa.Tarefa)]
1.18.0;fd00c652;Dec-12-2016;014;[br.gov.dpf.epol.validator.tarefa.TarefaValidador.validarCancelar(br.gov.dpf.epol.pojo.tarefa.Tarefa)]
1.18.0;fd00c652;Dec-12-2016;014;[br.gov.dpf.epol.validator.tarefa.TarefaValidador.hasJustificativaDeVencimento(br.gov.dpf.epol.pojo.tarefa.Tarefa)]
1.18.0;fd00c652;Dec-12-2016;014;[br.gov.dpf.epol.validator.tarefa.TarefaValidador.isPrazoEsgotado(br.gov.dpf.epol.pojo.tarefa.Tarefa)]
1.18.0;fd00c652;Dec-12-2016;014;[br.gov.dpf.epol.validator.tarefa.ValidadorIntimar.validacaoIntimacaoPorTelefonema(br.gov.dpf.epol.pojo.tarefa.Tarefa,br.gov.dpf.epol.services.tarefa.SituacaoTarefa)]
1.18.0;fd00c652;Dec-12-2016;014;[br.gov.dpf.epol.validator.tarefa.ValidadorIntimar.validacaoIntimacaoPorTelefonema(br.gov.dpf.epol.pojo.tarefa.Tarefa,br.gov.dpf.epol.services.tarefa.SituacaoTarefa)]
1.18.0;fd00c652;Dec-12-2016;014;[br.gov.dpf.epol.validator.tarefa.TarefaValidador.validarRejeitar(br.gov.dpf.epol.pojo.tarefa.Tarefa)]
1.18.0;fd00c652;Dec-12-2016;014;[br.gov.dpf.epol.validator.tarefa.TarefaValidador.validarRejeitar(br.gov.dpf.epol.pojo.tarefa.Tarefa)]
1.18.0;fd00c652;Dec-12-2016;014;[br.gov.dpf.epol.validator.tarefa.TarefaValidador.validarConcluirComSucesso(br.gov.dpf.epol.pojo.tarefa.Tarefa,boolean)]
1.18.0;fd00c652;Dec-12-2016;014;[br.gov.dpf.epol.validator.tarefa.TarefaValidador.validarConcluirComSucesso(br.gov.dpf.epol.pojo.tarefa.Tarefa,boolean)]
1.18.0;fd00c652;Dec-12-2016;014;[br.gov.dpf.epol.validator.tarefa.TarefaValidador.isTarefaPrazoRigido(br.gov.dpf.epol.pojo.tarefa.Tarefa)]
1.18.0;fd00c652;Dec-12-2016;014;[br.gov.dpf.epol.validator.tarefa.TarefaValidador.addParametroTemJustificativaVencimento(br.gov.dpf.epol.pojo.tarefa.Tarefa,br.gov.dpf.epol.services.tarefa.SituacaoTarefa)]
1.18.0;fd00c652;Dec-12-2016;014;[br.gov.dpf.epol.validator.tarefa.TarefaValidador.hasJustitivicativa(br.gov.dpf.epol.pojo.tarefa.TipoJustificativa,br.gov.dpf.epol.pojo.tarefa.Tarefa)]
1.18.0;fd00c652;Dec-12-2016;014;[br.gov.dpf.epol.validator.tarefa.TarefaValidador.validarConcluirSemSucesso(br.gov.dpf.epol.pojo.tarefa.Tarefa)]
1.18.0;fd00c652;Dec-12-2016;014;[br.gov.dpf.epol.validator.tarefa.TarefaValidador.validarConcluirSemSucesso(br.gov.dpf.epol.pojo.tarefa.Tarefa)]
1.18.0;fd00c652;Dec-12-2016;014;[br.gov.dpf.epol.validator.tarefa.TarefaValidador.hasMaterialComEstado(br.gov.dpf.epol.pojo.material.EstadoMaterial[],java.lang.Long)]
1.18.0;fd00c652;Dec-12-2016;014;[br.gov.dpf.epol.validator.tarefa.TarefaValidador.hasMaterialComEstado(br.gov.dpf.epol.pojo.material.EstadoMaterial[],java.lang.Long)]
1.18.0;fd00c652;Dec-12-2016;014;[br.gov.dpf.epol.validator.tarefa.TarefaValidador.hasMaterialComEstado(br.gov.dpf.epol.pojo.material.EstadoMaterial[],java.lang.Long)]
1.18.0;fd00c652;Dec-12-2016;014;[br.gov.dpf.epol.validator.tarefa.TarefaValidador.hasMaterialComEstado(br.gov.dpf.epol.pojo.material.EstadoMaterial[],java.lang.Long)]
1.18.0;fd00c652;Dec-12-2016;014;[br.gov.dpf.epol.validator.tarefa.TarefaValidador.hasMaterialComEstado(br.gov.dpf.epol.pojo.material.EstadoMaterial[],java.lang.Long)]
1.18.0;fd00c652;Dec-12-2016;014;[br.gov.dpf.epol.validator.tarefa.ValidadorIntimar.validacaoIntimacaoPorCorreio(br.gov.dpf.epol.services.tarefa.SituacaoTarefa)]
1.18.0;fd00c652;Dec-12-2016;014;[br.gov.dpf.epol.validator.peca.PecaValidador.validaTiposPossiveisSemCaso(br.gov.dpf.epol.pojo.peca.Peca)]
1.18.0;fd00c652;Dec-12-2016;014;[br.gov.dpf.epol.validator.pdf.PDFValidador.validarExistenciaConversorParaPecaPDF()]
1.18.0;fd00c652;Dec-12-2016;014;[br.gov.dpf.epol.validator.pdf.PDFValidador.validarExistenciaConversorParaPecaPDF()]
1.18.0;fd00c652;Dec-12-2016;014;[br.gov.dpf.epol.validator.seguranca.ValidadorAcessoPeca.temPermissaoVisualizar(br.gov.dpf.epol.pojo.peca.Peca,br.gov.dpf.epol.pojo.usuario.Usuario)]
1.18.0;fd00c652;Dec-12-2016;014;[br.gov.dpf.epol.validator.seguranca.ValidadorAcessoPeca.temPermissaoVisualizar(br.gov.dpf.epol.pojo.peca.Peca,br.gov.dpf.epol.pojo.usuario.Usuario)]
1.18.0;fd00c652;Dec-12-2016;014;[br.gov.dpf.epol.validator.seguranca.ValidadorAcesso.isAdminLogado(br.gov.dpf.epol.pojo.usuario.Usuario)]
1.18.0;fd00c652;Dec-12-2016;014;[br.gov.dpf.epol.validator.seguranca.ValidadorAcesso.isAdminLogado(br.gov.dpf.epol.pojo.usuario.Usuario)]
1.18.0;fd00c652;Dec-12-2016;014;[br.gov.dpf.epol.validator.seguranca.ValidadorAcesso.temPermissaoEscritaNoCaso(br.gov.dpf.epol.pojo.usuario.Usuario,java.lang.Long)]
1.18.0;fd00c652;Dec-12-2016;014;[br.gov.dpf.epol.validator.seguranca.ValidadorAcesso.temPermissaoEscritaNoCaso(br.gov.dpf.epol.pojo.usuario.Usuario,java.lang.Long)]
1.18.0;fd00c652;Dec-12-2016;014;[br.gov.dpf.epol.validator.seguranca.ValidadorAcesso.temPermissaoEscritaNoCaso(br.gov.dpf.epol.pojo.usuario.Usuario,java.lang.Long)]
1.18.0;fd00c652;Dec-12-2016;014;[br.gov.dpf.epol.validator.seguranca.ValidadorAcesso.temPermissaoLeituraNoCaso(br.gov.dpf.epol.pojo.usuario.Usuario,java.lang.Long)]
1.18.0;fd00c652;Dec-12-2016;014;[br.gov.dpf.epol.validator.seguranca.ValidadorAcesso.temPermissaoLeituraNoCaso(br.gov.dpf.epol.pojo.usuario.Usuario,br.gov.dpf.epol.pojo.caso.Caso)]
1.18.0;fd00c652;Dec-12-2016;014;[br.gov.dpf.epol.validator.tarefa.AtoPresencialValidador.validarAtoPresencial(br.gov.dpf.epol.pojo.tarefa.AtoPresencial)]
1.18.0;fd00c652;Dec-12-2016;014;[br.gov.dpf.epol.validator.tarefa.AtoPresencialValidador.validarJustificativa(java.lang.String)]
1.18.0;fd00c652;Dec-12-2016;014;[br.gov.dpf.epol.validator.tarefa.AtoPresencialValidador.validarDataRemarcacao(java.util.Date)]
1.18.0;fd00c652;Dec-12-2016;014;[br.gov.dpf.epol.validator.caso.CasoValidador.validarAutuacao(br.gov.dpf.epol.pojo.caso.Caso,br.gov.dpf.epol.pojo.caso.Caso)]
1.18.0;fd00c652;Dec-12-2016;014;[br.gov.dpf.epol.validator.caso.CasoValidador.getFiltroCaso(java.lang.Long)]
1.18.0;fd00c652;Dec-12-2016;014;[br.gov.dpf.epol.validator.caso.CasoValidador.getFiltroCaso(java.lang.Long)]
1.18.0;fd00c652;Dec-12-2016;014;[br.gov.dpf.epol.validator.caso.CasoValidador.getFiltroCaso(java.lang.Long)]
1.18.0;fd00c652;Dec-12-2016;014;[br.gov.dpf.epol.validator.caso.CasoValidador.validarRedistribuicaoDeCarga(br.gov.dpf.epol.pojo.usuario.RedistribuicaoDeCargaDTO)]
1.18.0;fd00c652;Dec-12-2016;014;[br.gov.dpf.epol.validator.caso.CasoValidador.validarDataEmissao(java.util.Date)]
1.18.0;fd00c652;Dec-12-2016;014;[br.gov.dpf.epol.validator.caso.CasoValidador.validaAvocacaoDeCaso(br.gov.dpf.epol.pojo.egp.Servidor,br.gov.dpf.epol.pojo.egp.Servidor,br.gov.dpf.epol.pojo.egp.Servidor,java.lang.String)]
1.18.0;fd00c652;Dec-12-2016;014;[br.gov.dpf.epol.validator.caso.CasoValidador.isMesmaUnidade(br.gov.dpf.epol.pojo.caso.Caso,br.gov.dpf.epol.pojo.usuario.Usuario)]
1.18.0;fd00c652;Dec-12-2016;014;[br.gov.dpf.epol.validator.caso.CasoValidador.validarCasoEncaminhado(br.gov.dpf.epol.pojo.caso.Caso)]
1.18.0;fd00c652;Dec-12-2016;014;[br.gov.dpf.epol.validator.caso.CasoValidador.validarPareceres(br.gov.dpf.epol.pojo.caso.Caso,br.gov.dpf.epol.pojo.caso.Caso,br.gov.dpf.epol.pojo.usuario.Usuario)]
1.18.0;fd00c652;Dec-12-2016;014;[br.gov.dpf.epol.validator.caso.CasoValidador.validarAlteracaoParecer(br.gov.dpf.epol.pojo.usuario.Usuario,br.gov.dpf.epol.pojo.caso.Parecer)]
1.18.0;fd00c652;Dec-12-2016;014;[br.gov.dpf.epol.validator.caso.CasoValidador.validarAlteracaoParecer(br.gov.dpf.epol.pojo.usuario.Usuario,br.gov.dpf.epol.pojo.caso.Parecer)]
1.18.0;fd00c652;Dec-12-2016;014;[br.gov.dpf.epol.validator.caso.CasoValidador.validarCapturarPendencia(br.gov.dpf.epol.pojo.caso.Caso,br.gov.dpf.epol.pojo.caso.Caso,br.gov.dpf.epol.pojo.usuario.Usuario)]
1.18.0;fd00c652;Dec-12-2016;014;[br.gov.dpf.epol.validator.caso.CasoValidador.validarDocumentoAnexo(br.gov.dpf.epol.pojo.caso.Caso)]
1.18.0;fd00c652;Dec-12-2016;014;[br.gov.dpf.epol.validator.caso.CasoValidador.validarDocumentoAnexo(br.gov.dpf.epol.pojo.caso.Caso)]
1.18.0;fd00c652;Dec-12-2016;014;[br.gov.dpf.epol.validator.caso.CasoValidador.validarMunicipio(br.gov.dpf.epol.pojo.caso.Caso)]
1.18.0;fd00c652;Dec-12-2016;014;[br.gov.dpf.epol.validator.caso.CasoValidador.validarDadosParecer(br.gov.dpf.epol.pojo.caso.Parecer)]
1.18.0;fd00c652;Dec-12-2016;014;[br.gov.dpf.epol.validator.caso.CasoValidador.validarEncaminhar(br.gov.dpf.epol.pojo.caso.Caso)]
1.18.0;fd00c652;Dec-12-2016;014;[br.gov.dpf.epol.validator.caso.CasoValidador.validarNumeroSiscart(br.gov.dpf.epol.pojo.caso.Siscart,java.lang.Long)]
1.18.0;fd00c652;Dec-12-2016;014;[br.gov.dpf.epol.validator.caso.CasoValidador.validarNumeroSiscart(br.gov.dpf.epol.pojo.caso.Siscart,java.lang.Long)]
1.18.0;fd00c652;Dec-12-2016;014;[br.gov.dpf.epol.validator.caso.CasoValidador.validarNumeroSiscart(br.gov.dpf.epol.pojo.caso.Siscart,java.lang.Long)]
1.18.0;fd00c652;Dec-12-2016;014;[br.gov.dpf.epol.validator.envolvido.EnvolvidoValidador.validarDataSoltura(br.gov.dpf.epol.pojo.envolvido.Envolvido)]
1.18.0;fd00c652;Dec-12-2016;014;[br.gov.dpf.epol.validator.envolvido.EnvolvidoValidador.validarDataPrisao(br.gov.dpf.epol.pojo.envolvido.Envolvido)]
1.18.0;fd00c652;Dec-12-2016;014;[br.gov.dpf.epol.validator.peca.assinatura.AssinaturaPecaValidador.validarAssinaturaPeca(br.gov.dpf.epol.pojo.peca.Peca,br.gov.dpf.epol.pojo.egp.Servidor)]
1.18.0;fd00c652;Dec-12-2016;014;[br.gov.dpf.epol.validator.PaginacaoValidador.validarPaginacao(java.lang.String,java.lang.String,int,java.lang.String,java.lang.Boolean)]
1.18.0;fd00c652;Dec-12-2016;014;[br.gov.dpf.epol.validator.desmembramento.DesmembramentoValidador.validarDesmembramento(java.lang.Long,br.gov.dpf.epol.dto.caso.Desmembramento)]
1.18.0;fd00c652;Dec-12-2016;014;[br.gov.dpf.epol.validator.desmembramento.DesmembramentoValidador.validarDesmembramento(java.lang.Long,br.gov.dpf.epol.dto.caso.Desmembramento)]
1.18.0;fd00c652;Dec-12-2016;014;[br.gov.dpf.epol.validator.desmembramento.DesmembramentoValidador.validarDesmembramento(java.lang.Long,br.gov.dpf.epol.dto.caso.Desmembramento)]
1.18.0;fd00c652;Dec-12-2016;014;[br.gov.dpf.epol.validator.desmembramento.DesmembramentoValidador.validarDesmembramento(java.lang.Long,br.gov.dpf.epol.dto.caso.Desmembramento)]
1.18.0;fd00c652;Dec-12-2016;014;[br.gov.dpf.epol.validator.desmembramento.DesmembramentoValidador.validarDesmembramento(java.lang.Long,br.gov.dpf.epol.dto.caso.Desmembramento)]
1.18.0;fd00c652;Dec-12-2016;014;[br.gov.dpf.epol.validator.lei.NormaPenalValidador.validarNormaPenal(java.lang.Long)]
1.18.0;fd00c652;Dec-12-2016;014;[br.gov.dpf.epol.validator.endereco.EnderecoValidador.validarPaisBrasil(br.gov.dpf.epol.pojo.envolvido.endereco.Localidade)]
1.18.0;fd00c652;Dec-12-2016;014;[br.gov.dpf.epol.validator.endereco.EnderecoValidador.validarPaisCorporativo(br.gov.dpf.epol.pojo.egp.Pais)]
1.18.0;fd00c652;Dec-12-2016;014;[br.gov.dpf.epol.validator.endereco.EnderecoValidador.validarPaisCorporativo(br.gov.dpf.epol.pojo.egp.Pais)]
1.18.0;fd00c652;Dec-12-2016;014;[br.gov.dpf.epol.validator.endereco.EnderecoValidador.validarPaisCorporativo(br.gov.dpf.epol.pojo.egp.Pais)]
1.18.0;fd00c652;Dec-12-2016;014;[br.gov.dpf.epol.validator.endereco.EnderecoValidador.validarMunicipioCorporativo(br.gov.dpf.epol.pojo.egp.Municipio)]
1.18.0;fd00c652;Dec-12-2016;014;[br.gov.dpf.epol.validator.endereco.EnderecoValidador.validarMunicipioCorporativo(br.gov.dpf.epol.pojo.egp.Municipio)]
1.18.0;fd00c652;Dec-12-2016;014;[br.gov.dpf.epol.validator.endereco.EnderecoValidador.validarEstadoCorporativo(br.gov.dpf.epol.pojo.egp.Estado)]
1.18.0;fd00c652;Dec-12-2016;014;[br.gov.dpf.epol.validator.endereco.EnderecoValidador.validarEstadoCorporativo(br.gov.dpf.epol.pojo.egp.Estado)]
1.18.0;fd00c652;Dec-12-2016;014;[br.gov.dpf.epol.validator.seguranca.ValidadorAcesso.isAdminLogado(br.gov.dpf.epol.pojo.usuario.Usuario)]
1.18.0;fd00c652;Dec-12-2016;014;[br.gov.dpf.epol.validator.seguranca.ValidadorAcesso.isAdminLogado(br.gov.dpf.epol.pojo.usuario.Usuario)]
1.18.0;fd00c652;Dec-12-2016;014;[br.gov.dpf.epol.validator.seguranca.ValidadorAcessoTarefa.temPermissaoVisualizar(br.gov.dpf.epol.pojo.tarefa.Tarefa,br.gov.dpf.epol.pojo.usuario.Usuario)]
1.18.0;fd00c652;Dec-12-2016;014;[br.gov.dpf.epol.validator.seguranca.ValidadorAcessoTarefa.temPermissaoVisualizar(br.gov.dpf.epol.pojo.tarefa.Tarefa,br.gov.dpf.epol.pojo.usuario.Usuario)]
1.18.0;fd00c652;Dec-12-2016;014;[br.gov.dpf.epol.validator.seguranca.ValidadorAcessoTarefa.temPermissaoVisualizar(br.gov.dpf.epol.pojo.tarefa.Tarefa,br.gov.dpf.epol.pojo.usuario.Usuario)]
1.18.0;fd00c652;Dec-12-2016;014;[br.gov.dpf.epol.validator.seguranca.ValidadorAcesso.temPermissaoEscritaNoCaso(br.gov.dpf.epol.pojo.usuario.Usuario,java.lang.Long)]
1.18.0;fd00c652;Dec-12-2016;014;[br.gov.dpf.epol.validator.seguranca.ValidadorAcesso.temPermissaoEscritaNoCaso(br.gov.dpf.epol.pojo.usuario.Usuario,java.lang.Long)]
1.18.0;fd00c652;Dec-12-2016;014;[br.gov.dpf.epol.validator.seguranca.ValidadorAcesso.temPermissaoEscritaNoCaso(br.gov.dpf.epol.pojo.usuario.Usuario,java.lang.Long)]
1.18.0;fd00c652;Dec-12-2016;014;[br.gov.dpf.epol.validator.seguranca.ValidadorAcesso.temPermissaoLeituraNoCaso(br.gov.dpf.epol.pojo.usuario.Usuario,java.lang.Long)]
1.18.0;fd00c652;Dec-12-2016;014;[br.gov.dpf.epol.validator.seguranca.ValidadorAcesso.temPermissaoLeituraNoCaso(br.gov.dpf.epol.pojo.usuario.Usuario,br.gov.dpf.epol.pojo.caso.Caso)]
1.18.0;fd00c652;Dec-12-2016;014;[br.gov.dpf.epol.validator.tarefa.TarefaValidador.validarCartaPrecatoria(br.gov.dpf.epol.pojo.tarefa.Tarefa)]
1.18.0;fd00c652;Dec-12-2016;014;[br.gov.dpf.epol.validator.tarefa.TarefaValidador.validaRedistribuicao(br.gov.dpf.epol.pojo.tarefa.Tarefa,br.gov.dpf.epol.pojo.egp.Servidor,br.gov.dpf.epol.pojo.egp.Servidor,br.gov.dpf.epol.pojo.egp.Servidor)]
1.18.0;fd00c652;Dec-12-2016;014;[br.gov.dpf.epol.validator.tarefa.TarefaValidador.validaRedistribuicao(br.gov.dpf.epol.pojo.tarefa.Tarefa,br.gov.dpf.epol.pojo.egp.Servidor,br.gov.dpf.epol.pojo.egp.Servidor,br.gov.dpf.epol.pojo.egp.Servidor)]
1.18.0;fd00c652;Dec-12-2016;014;[br.gov.dpf.epol.validator.tarefa.TarefaValidador.validarMaquinaDeEstado(br.gov.dpf.epol.pojo.tarefa.Tarefa)]
1.18.0;fd00c652;Dec-12-2016;014;[br.gov.dpf.epol.validator.tarefa.TarefaValidador.validarCancelar(br.gov.dpf.epol.pojo.tarefa.Tarefa)]
1.18.0;fd00c652;Dec-12-2016;014;[br.gov.dpf.epol.validator.tarefa.TarefaValidador.validarCancelar(br.gov.dpf.epol.pojo.tarefa.Tarefa)]
1.18.0;fd00c652;Dec-12-2016;014;[br.gov.dpf.epol.validator.tarefa.TarefaValidador.hasJustificativaDeVencimento(br.gov.dpf.epol.pojo.tarefa.Tarefa)]
1.18.0;fd00c652;Dec-12-2016;014;[br.gov.dpf.epol.validator.tarefa.TarefaValidador.isPrazoEsgotado(br.gov.dpf.epol.pojo.tarefa.Tarefa)]
1.18.0;fd00c652;Dec-12-2016;014;[br.gov.dpf.epol.validator.tarefa.TarefaValidador.validarRejeitar(br.gov.dpf.epol.pojo.tarefa.Tarefa)]
1.18.0;fd00c652;Dec-12-2016;014;[br.gov.dpf.epol.validator.tarefa.TarefaValidador.validarRejeitar(br.gov.dpf.epol.pojo.tarefa.Tarefa)]
1.18.0;fd00c652;Dec-12-2016;014;[br.gov.dpf.epol.validator.tarefa.TarefaValidador.validarConcluirComSucesso(br.gov.dpf.epol.pojo.tarefa.Tarefa,boolean)]
1.18.0;fd00c652;Dec-12-2016;014;[br.gov.dpf.epol.validator.tarefa.TarefaValidador.validarConcluirComSucesso(br.gov.dpf.epol.pojo.tarefa.Tarefa,boolean)]
1.18.0;fd00c652;Dec-12-2016;014;[br.gov.dpf.epol.validator.tarefa.TarefaValidador.isTarefaPrazoRigido(br.gov.dpf.epol.pojo.tarefa.Tarefa)]
1.18.0;fd00c652;Dec-12-2016;014;[br.gov.dpf.epol.validator.tarefa.TarefaValidador.addParametroTemJustificativaVencimento(br.gov.dpf.epol.pojo.tarefa.Tarefa,br.gov.dpf.epol.services.tarefa.SituacaoTarefa)]
1.18.0;fd00c652;Dec-12-2016;014;[br.gov.dpf.epol.validator.tarefa.TarefaValidador.hasJustitivicativa(br.gov.dpf.epol.pojo.tarefa.TipoJustificativa,br.gov.dpf.epol.pojo.tarefa.Tarefa)]
1.18.0;fd00c652;Dec-12-2016;014;[br.gov.dpf.epol.validator.tarefa.TarefaValidador.validarConcluirSemSucesso(br.gov.dpf.epol.pojo.tarefa.Tarefa)]
1.18.0;fd00c652;Dec-12-2016;014;[br.gov.dpf.epol.validator.tarefa.TarefaValidador.validarConcluirSemSucesso(br.gov.dpf.epol.pojo.tarefa.Tarefa)]
1.18.0;fd00c652;Dec-12-2016;014;[br.gov.dpf.epol.validator.tarefa.TarefaValidador.hasMaterialComEstado(br.gov.dpf.epol.pojo.material.EstadoMaterial[],java.lang.Long)]
1.18.0;fd00c652;Dec-12-2016;014;[br.gov.dpf.epol.validator.tarefa.TarefaValidador.hasMaterialComEstado(br.gov.dpf.epol.pojo.material.EstadoMaterial[],java.lang.Long)]
1.18.0;fd00c652;Dec-12-2016;014;[br.gov.dpf.epol.validator.tarefa.TarefaValidador.hasMaterialComEstado(br.gov.dpf.epol.pojo.material.EstadoMaterial[],java.lang.Long)]
1.18.0;fd00c652;Dec-12-2016;014;[br.gov.dpf.epol.validator.tarefa.TarefaValidador.hasMaterialComEstado(br.gov.dpf.epol.pojo.material.EstadoMaterial[],java.lang.Long)]
1.18.0;fd00c652;Dec-12-2016;014;[br.gov.dpf.epol.validator.tarefa.TarefaValidador.hasMaterialComEstado(br.gov.dpf.epol.pojo.material.EstadoMaterial[],java.lang.Long)]
1.18.0;fd00c652;Dec-12-2016;014;[br.gov.dpf.epol.validator.seguranca.ValidadorAcesso.isAdminLogado(br.gov.dpf.epol.pojo.usuario.Usuario)]
1.18.0;fd00c652;Dec-12-2016;014;[br.gov.dpf.epol.validator.seguranca.ValidadorAcesso.isAdminLogado(br.gov.dpf.epol.pojo.usuario.Usuario)]
1.18.0;fd00c652;Dec-12-2016;014;[br.gov.dpf.epol.validator.seguranca.ValidadorAcesso.temPermissaoLeituraNoCaso(br.gov.dpf.epol.pojo.usuario.Usuario,java.lang.Long)]
1.18.0;fd00c652;Dec-12-2016;014;[br.gov.dpf.epol.validator.seguranca.ValidadorAcesso.temPermissaoEscritaNoCaso(br.gov.dpf.epol.pojo.usuario.Usuario,java.lang.Long)]
1.18.0;fd00c652;Dec-12-2016;014;[br.gov.dpf.epol.validator.seguranca.ValidadorAcesso.temPermissaoEscritaNoCaso(br.gov.dpf.epol.pojo.usuario.Usuario,java.lang.Long)]
1.18.0;fd00c652;Dec-12-2016;014;[br.gov.dpf.epol.validator.seguranca.ValidadorAcesso.temPermissaoEscritaNoCaso(br.gov.dpf.epol.pojo.usuario.Usuario,java.lang.Long)]
1.18.0;fd00c652;Dec-12-2016;014;[br.gov.dpf.epol.validator.seguranca.ValidadorAcesso.temPermissaoLeituraNoCaso(br.gov.dpf.epol.pojo.usuario.Usuario,br.gov.dpf.epol.pojo.caso.Caso)]
1.18.0;fd00c652;Dec-12-2016;014;[br.gov.dpf.epol.validator.evento.EventoValidador.validarDatas(br.gov.dpf.epol.pojo.evento.Evento)]
1.18.0;fd00c652;Dec-12-2016;014;[br.gov.dpf.epol.validator.caso.CasoNovoValidador.validarRedistribuicaoDeCarga(br.gov.dpf.epol.pojo.usuario.RedistribuicaoDeCargaDTO)]
1.18.0;fd00c652;Dec-12-2016;014;[br.gov.dpf.epol.validator.caso.CasoNovoValidador.validarMunicipio(br.gov.dpf.epol.pojo.caso.CasoNovo)]
1.18.0;fd00c652;Dec-12-2016;014;[br.gov.dpf.epol.validator.caso.CasoNovoValidador.getFiltroCaso(java.lang.Long)]
1.18.0;fd00c652;Dec-12-2016;014;[br.gov.dpf.epol.validator.caso.CasoNovoValidador.getFiltroCaso(java.lang.Long)]
1.18.0;fd00c652;Dec-12-2016;014;[br.gov.dpf.epol.validator.caso.CasoNovoValidador.getFiltroCaso(java.lang.Long)]
1.18.0;fd00c652;Dec-12-2016;014;[br.gov.dpf.epol.validator.caso.CasoNovoValidador.validarCapturarPendencia(br.gov.dpf.epol.pojo.caso.CasoNovo,br.gov.dpf.epol.pojo.caso.CasoNovo,br.gov.dpf.epol.pojo.usuario.Usuario)]
1.18.0;fd00c652;Dec-12-2016;014;[br.gov.dpf.epol.validator.caso.CasoNovoValidador.isMesmaUnidade(br.gov.dpf.epol.pojo.caso.CasoNovo,br.gov.dpf.epol.pojo.usuario.Usuario)]
1.18.0;fd00c652;Dec-12-2016;014;[br.gov.dpf.epol.validator.caso.CasoNovoValidador.validaAvocacaoDeCaso(br.gov.dpf.epol.pojo.egp.Servidor,br.gov.dpf.epol.pojo.egp.Servidor,br.gov.dpf.epol.pojo.egp.Servidor,java.lang.String)]
1.18.0;fd00c652;Dec-12-2016;014;[br.gov.dpf.epol.validator.caso.CasoNovoValidador.validarDataEmissao(java.util.Date)]
1.18.0;fd00c652;Dec-12-2016;014;[br.gov.dpf.epol.validator.caso.CasoNovoValidador.validarRedistribuicaoDeCarga(br.gov.dpf.epol.pojo.usuario.RedistribuicaoDeCargaDTO)]
1.18.0;fd00c652;Dec-12-2016;014;[br.gov.dpf.epol.validator.caso.CasoNovoValidador.validarMunicipio(br.gov.dpf.epol.pojo.caso.CasoNovo)]
1.18.0;fd00c652;Dec-12-2016;014;[br.gov.dpf.epol.validator.caso.CasoNovoValidador.getFiltroCaso(java.lang.Long)]
1.18.0;fd00c652;Dec-12-2016;014;[br.gov.dpf.epol.validator.caso.CasoNovoValidador.getFiltroCaso(java.lang.Long)]
1.18.0;fd00c652;Dec-12-2016;014;[br.gov.dpf.epol.validator.caso.CasoNovoValidador.getFiltroCaso(java.lang.Long)]
1.18.0;fd00c652;Dec-12-2016;014;[br.gov.dpf.epol.validator.caso.CasoNovoValidador.validarCapturarPendencia(br.gov.dpf.epol.pojo.caso.CasoNovo,br.gov.dpf.epol.pojo.caso.CasoNovo,br.gov.dpf.epol.pojo.usuario.Usuario)]
1.18.0;fd00c652;Dec-12-2016;014;[br.gov.dpf.epol.validator.caso.CasoNovoValidador.isMesmaUnidade(br.gov.dpf.epol.pojo.caso.CasoNovo,br.gov.dpf.epol.pojo.usuario.Usuario)]
1.18.0;fd00c652;Dec-12-2016;014;[br.gov.dpf.epol.validator.caso.CasoNovoValidador.validaAvocacaoDeCaso(br.gov.dpf.epol.pojo.egp.Servidor,br.gov.dpf.epol.pojo.egp.Servidor,br.gov.dpf.epol.pojo.egp.Servidor,java.lang.String)]
1.18.0;fd00c652;Dec-12-2016;014;[br.gov.dpf.epol.validator.caso.CasoNovoValidador.validarDataEmissao(java.util.Date)]
1.18.0;fd00c652;Dec-12-2016;014;[br.gov.dpf.epol.validator.caso.CasoNovoValidador.validarRedistribuicaoDeCarga(br.gov.dpf.epol.pojo.usuario.RedistribuicaoDeCargaDTO)]
1.18.0;fd00c652;Dec-12-2016;014;[br.gov.dpf.epol.validator.caso.CasoNovoValidador.validarMunicipio(br.gov.dpf.epol.pojo.caso.CasoNovo)]
1.18.0;fd00c652;Dec-12-2016;014;[br.gov.dpf.epol.validator.caso.CasoNovoValidador.getFiltroCaso(java.lang.Long)]
1.18.0;fd00c652;Dec-12-2016;014;[br.gov.dpf.epol.validator.caso.CasoNovoValidador.getFiltroCaso(java.lang.Long)]
1.18.0;fd00c652;Dec-12-2016;014;[br.gov.dpf.epol.validator.caso.CasoNovoValidador.getFiltroCaso(java.lang.Long)]
1.18.0;fd00c652;Dec-12-2016;014;[br.gov.dpf.epol.validator.caso.CasoNovoValidador.validarCapturarPendencia(br.gov.dpf.epol.pojo.caso.CasoNovo,br.gov.dpf.epol.pojo.caso.CasoNovo,br.gov.dpf.epol.pojo.usuario.Usuario)]
1.18.0;fd00c652;Dec-12-2016;014;[br.gov.dpf.epol.validator.caso.CasoNovoValidador.isMesmaUnidade(br.gov.dpf.epol.pojo.caso.CasoNovo,br.gov.dpf.epol.pojo.usuario.Usuario)]
1.18.0;fd00c652;Dec-12-2016;014;[br.gov.dpf.epol.validator.caso.CasoNovoValidador.validaAvocacaoDeCaso(br.gov.dpf.epol.pojo.egp.Servidor,br.gov.dpf.epol.pojo.egp.Servidor,br.gov.dpf.epol.pojo.egp.Servidor,java.lang.String)]
1.18.0;fd00c652;Dec-12-2016;014;[br.gov.dpf.epol.validator.caso.CasoNovoValidador.validarDataEmissao(java.util.Date)]
1.18.0;fd00c652;Dec-12-2016;014;[br.gov.dpf.epol.validator.caso.FatoValidador.validarEndereco(br.gov.dpf.epol.pojo.envolvido.endereco.Endereco)]
1.18.0;fd00c652;Dec-12-2016;014;[br.gov.dpf.epol.validator.caso.FatoValidador.verificarCEP(java.lang.String)]
1.18.0;fd00c652;Dec-12-2016;014;[br.gov.dpf.epol.validator.caso.FatoValidador.validarDataFatoFim(java.util.Date,java.util.Date)]
1.18.0;fd00c652;Dec-12-2016;014;[br.gov.dpf.epol.validator.caso.FatoValidador.validarResumo(java.lang.String)]
1.18.0;fd00c652;Dec-12-2016;014;[br.gov.dpf.epol.validator.caso.FatoValidador.validarResumo(java.lang.String)]
1.18.0;fd00c652;Dec-12-2016;014;[br.gov.dpf.epol.validator.caso.FatoValidador.validarDataFato(java.util.Date,java.lang.String)]
1.18.0;fd00c652;Dec-12-2016;014;[br.gov.dpf.epol.validator.tarefa.TarefaValidador.validarConcluirComSucesso(br.gov.dpf.epol.pojo.tarefa.Tarefa,boolean)]
1.18.0;fd00c652;Dec-12-2016;014;[br.gov.dpf.epol.validator.tarefa.TarefaValidador.validarConcluirComSucesso(br.gov.dpf.epol.pojo.tarefa.Tarefa,boolean)]
1.18.0;fd00c652;Dec-12-2016;014;[br.gov.dpf.epol.validator.tarefa.TarefaValidador.isTarefaPrazoRigido(br.gov.dpf.epol.pojo.tarefa.Tarefa)]
1.18.0;fd00c652;Dec-12-2016;014;[br.gov.dpf.epol.validator.tarefa.TarefaValidador.addParametroTemJustificativaVencimento(br.gov.dpf.epol.pojo.tarefa.Tarefa,br.gov.dpf.epol.services.tarefa.SituacaoTarefa)]
1.18.0;fd00c652;Dec-12-2016;014;[br.gov.dpf.epol.validator.tarefa.TarefaValidador.validarCartaPrecatoria(br.gov.dpf.epol.pojo.tarefa.Tarefa)]
1.18.0;fd00c652;Dec-12-2016;014;[br.gov.dpf.epol.validator.tarefa.TarefaValidador.validaRedistribuicao(br.gov.dpf.epol.pojo.tarefa.Tarefa,br.gov.dpf.epol.pojo.egp.Servidor,br.gov.dpf.epol.pojo.egp.Servidor,br.gov.dpf.epol.pojo.egp.Servidor)]
1.18.0;fd00c652;Dec-12-2016;014;[br.gov.dpf.epol.validator.tarefa.TarefaValidador.validaRedistribuicao(br.gov.dpf.epol.pojo.tarefa.Tarefa,br.gov.dpf.epol.pojo.egp.Servidor,br.gov.dpf.epol.pojo.egp.Servidor,br.gov.dpf.epol.pojo.egp.Servidor)]
1.18.0;fd00c652;Dec-12-2016;014;[br.gov.dpf.epol.validator.tarefa.TarefaValidador.validarMaquinaDeEstado(br.gov.dpf.epol.pojo.tarefa.Tarefa)]
1.18.0;fd00c652;Dec-12-2016;014;[br.gov.dpf.epol.validator.tarefa.TarefaValidador.validarCancelar(br.gov.dpf.epol.pojo.tarefa.Tarefa)]
1.18.0;fd00c652;Dec-12-2016;014;[br.gov.dpf.epol.validator.tarefa.TarefaValidador.validarCancelar(br.gov.dpf.epol.pojo.tarefa.Tarefa)]
1.18.0;fd00c652;Dec-12-2016;014;[br.gov.dpf.epol.validator.tarefa.TarefaValidador.hasJustitivicativa(br.gov.dpf.epol.pojo.tarefa.TipoJustificativa,br.gov.dpf.epol.pojo.tarefa.Tarefa)]
1.18.0;fd00c652;Dec-12-2016;014;[br.gov.dpf.epol.validator.tarefa.TarefaValidador.hasJustificativaDeVencimento(br.gov.dpf.epol.pojo.tarefa.Tarefa)]
1.18.0;fd00c652;Dec-12-2016;014;[br.gov.dpf.epol.validator.tarefa.TarefaValidador.isPrazoEsgotado(br.gov.dpf.epol.pojo.tarefa.Tarefa)]
1.18.0;fd00c652;Dec-12-2016;014;[br.gov.dpf.epol.validator.tarefa.TarefaValidador.validarConcluirSemSucesso(br.gov.dpf.epol.pojo.tarefa.Tarefa)]
1.18.0;fd00c652;Dec-12-2016;014;[br.gov.dpf.epol.validator.tarefa.TarefaValidador.validarConcluirSemSucesso(br.gov.dpf.epol.pojo.tarefa.Tarefa)]
1.18.0;fd00c652;Dec-12-2016;014;[br.gov.dpf.epol.validator.tarefa.TarefaValidador.hasMaterialComEstado(br.gov.dpf.epol.pojo.material.EstadoMaterial[],java.lang.Long)]
1.18.0;fd00c652;Dec-12-2016;014;[br.gov.dpf.epol.validator.tarefa.TarefaValidador.hasMaterialComEstado(br.gov.dpf.epol.pojo.material.EstadoMaterial[],java.lang.Long)]
1.18.0;fd00c652;Dec-12-2016;014;[br.gov.dpf.epol.validator.tarefa.TarefaValidador.hasMaterialComEstado(br.gov.dpf.epol.pojo.material.EstadoMaterial[],java.lang.Long)]
1.18.0;fd00c652;Dec-12-2016;014;[br.gov.dpf.epol.validator.tarefa.TarefaValidador.hasMaterialComEstado(br.gov.dpf.epol.pojo.material.EstadoMaterial[],java.lang.Long)]
1.18.0;fd00c652;Dec-12-2016;014;[br.gov.dpf.epol.validator.tarefa.TarefaValidador.hasMaterialComEstado(br.gov.dpf.epol.pojo.material.EstadoMaterial[],java.lang.Long)]
1.18.0;fd00c652;Dec-12-2016;014;[br.gov.dpf.epol.validator.tarefa.TarefaValidador.validarRejeitar(br.gov.dpf.epol.pojo.tarefa.Tarefa)]
1.18.0;fd00c652;Dec-12-2016;014;[br.gov.dpf.epol.validator.tarefa.TarefaValidador.validarRejeitar(br.gov.dpf.epol.pojo.tarefa.Tarefa)]
1.18.0;fd00c652;Dec-12-2016;016;[br.gov.dpf.epol.rest.usuario.UsuarioRest.buscaSolicitacoesPermissaoServidor(java.lang.String,java.lang.String)]
1.18.0;fd00c652;Dec-12-2016;016;[br.gov.dpf.epol.rest.peca.PecaSubRecurso.listarPecasPorCaso(java.lang.Long,java.lang.String,java.lang.String,java.lang.Boolean,javax.ws.rs.core.UriInfo)]
1.18.0;fd00c652;Dec-12-2016;016;[br.gov.dpf.epol.rest.usuario.UsuarioRest.logoutKeycloak()]
1.18.0;fd00c652;Dec-12-2016;016;[br.gov.dpf.epol.rest.usuario.UsuarioRest.logoutKeycloak()]
1.18.0;fd00c652;Dec-12-2016;016;[br.gov.dpf.epol.rest.material.MaterialSubRecurso.movimentarMaterial(br.gov.dpf.epol.dto.material.MovimentacaoMaterial)]
1.18.0;fd00c652;Dec-12-2016;016;[br.gov.dpf.epol.rest.PatchOperation$1.<init>()]
1.18.0;fd00c652;Dec-12-2016;016;[br.gov.dpf.epol.rest.feedback.FeedbackREST$2.<init>(br.gov.dpf.epol.rest.feedback.FeedbackREST)]
1.18.0;fd00c652;Dec-12-2016;016;[br.gov.dpf.epol.rest.tarefa.TarefaSubRecurso.atualizarTarefa(java.lang.Long,java.lang.Long,br.gov.dpf.epol.pojo.tarefa.Tarefa)]
1.18.0;fd00c652;Dec-12-2016;016;[br.gov.dpf.epol.rest.envolvimento.EnvolvidoSubRecurso.atualizarEnvolvidoPatch(java.lang.Long,java.lang.Long,java.io.InputStream)]
1.18.0;fd00c652;Dec-12-2016;016;[br.gov.dpf.epol.rest.caso.ProcedimentoSubRecurso.cadastrarProcedimento(java.lang.Long,br.gov.dpf.epol.pojo.procedimento.Procedimento)]
1.18.0;fd00c652;Dec-12-2016;016;[br.gov.dpf.epol.rest.usuario.UsuarioRest.loginKeycloak()]
1.18.0;fd00c652;Dec-12-2016;016;[br.gov.dpf.epol.rest.peca.PecaREST.criaPecaForaDeCaso(br.gov.dpf.epol.pojo.peca.Peca)]
1.18.0;fd00c652;Dec-12-2016;016;[br.gov.dpf.epol.rest.feedback.FeedbackREST.cadastrarFeedback(java.lang.String,java.lang.String)]
1.18.0;fd00c652;Dec-12-2016;016;[br.gov.dpf.epol.rest.feedback.FeedbackREST.cadastrarFeedback(java.lang.String,java.lang.String)]
1.18.0;fd00c652;Dec-12-2016;016;[br.gov.dpf.epol.rest.feedback.FeedbackREST.cadastrarFeedback(java.lang.String,java.lang.String)]
1.18.0;fd00c652;Dec-12-2016;016;[br.gov.dpf.epol.rest.caso.ProcedimentoSubRecurso.recuperarProcedimento(java.lang.Long,javax.ws.rs.core.Request)]
1.18.0;fd00c652;Dec-12-2016;016;[br.gov.dpf.epol.rest.caso.ApensoSubRecurso.atualizarApenso(java.lang.Long,br.gov.dpf.epol.pojo.apenso.Apenso)]
1.18.0;fd00c652;Dec-12-2016;016;[br.gov.dpf.epol.rest.caso.CasoREST.listarCasos(java.lang.String,java.lang.String,javax.ws.rs.core.UriInfo,javax.ws.rs.core.Request)]
1.18.0;fd00c652;Dec-12-2016;016;[br.gov.dpf.epol.rest.peca.PecaSubRecurso.cadastrarPeca(java.lang.Long,br.gov.dpf.epol.pojo.peca.Peca)]
1.18.0;fd00c652;Dec-12-2016;016;[br.gov.dpf.epol.rest.envolvido.PessoaREST.cadastrarPessoa(br.gov.dpf.epol.pojo.envolvido.Pessoa)]
1.18.0;fd00c652;Dec-12-2016;016;[br.gov.dpf.epol.util.rest.EpolResponse.getHashMD5(java.lang.Object)]
1.18.0;fd00c652;Dec-12-2016;016;[br.gov.dpf.epol.util.rest.EpolResponse.getHashMD5(java.lang.Object)]
1.18.0;fd00c652;Dec-12-2016;016;[br.gov.dpf.epol.util.rest.EpolResponse.getHashMD5(java.lang.Object)]
1.18.0;fd00c652;Dec-12-2016;016;[br.gov.dpf.epol.util.rest.EpolResponse.getHashMD5(java.lang.Object)]
1.18.0;fd00c652;Dec-12-2016;016;[br.gov.dpf.epol.rest.envolvimento.EnvolvidoSubRecurso.consultaEnvolvidosDoCaso(java.lang.Long,java.lang.String,java.lang.String,java.lang.Boolean,javax.ws.rs.core.UriInfo)]
1.18.0;fd00c652;Dec-12-2016;016;[br.gov.dpf.epol.rest.caso.AssociacaoSubRecurso.associarCasos(java.lang.Long,br.gov.dpf.epol.dto.caso.AssociacaoCasoDTO)]
1.18.0;fd00c652;Dec-12-2016;016;[br.gov.dpf.epol.rest.peca.PecaREST.cadastrarDocumentoPeca(java.lang.Long,org.jboss.resteasy.plugins.providers.multipart.MultipartFormDataInput)]
1.18.0;fd00c652;Dec-12-2016;016;[br.gov.dpf.epol.rest.peca.PecaREST.cadastrarDocumentoPeca(java.lang.Long,org.jboss.resteasy.plugins.providers.multipart.MultipartFormDataInput)]
1.18.0;fd00c652;Dec-12-2016;016;[br.gov.dpf.epol.rest.tarefa.AtoPresencialSubRecurso.atualizarAtoPresencialPatch(java.lang.Long,java.lang.Long,java.io.InputStream)]
1.18.0;fd00c652;Dec-12-2016;016;[br.gov.dpf.epol.rest.tarefa.AtoPresencialSubRecurso.atualizarAtoPresencialPatch(java.lang.Long,java.lang.Long,java.io.InputStream)]
1.18.0;fd00c652;Dec-12-2016;016;[br.gov.dpf.epol.util.rest.EpolResponse.build(br.gov.dpf.epol.rest.EpolEntidadeWrapper,com.google.common.base.Function)]
1.18.0;fd00c652;Dec-12-2016;016;[br.gov.dpf.epol.rest.feedback.FeedbackREST$1.<init>(br.gov.dpf.epol.rest.feedback.FeedbackREST)]
1.18.0;fd00c652;Dec-12-2016;016;[br.gov.dpf.epol.rest.caso.AssociacaoSubRecurso.desapensarCaso(java.lang.Long,br.gov.dpf.epol.dto.caso.AssociacaoCasoDTO)]
1.18.0;fd00c652;Dec-12-2016;016;[br.gov.dpf.epol.rest.evento.EventoSubRecurso.cadastrarEvento(br.gov.dpf.epol.pojo.evento.Evento)]
1.18.0;fd00c652;Dec-12-2016;016;[br.gov.dpf.epol.rest.PatchOperation.getEntidadeDoJsonPatch(br.gov.dpf.epol.validator.RestValidador,java.lang.Object,java.lang.String,java.lang.Class)]
1.18.0;fd00c652;Dec-12-2016;016;[br.gov.dpf.epol.rest.PatchOperation.getEntidadeDoJsonPatch(br.gov.dpf.epol.validator.RestValidador,java.lang.Object,java.lang.String,java.lang.Class)]
1.18.0;fd00c652;Dec-12-2016;016;[br.gov.dpf.epol.rest.PatchOperation.getEntidadeDoJsonPatch(br.gov.dpf.epol.validator.RestValidador,java.lang.Object,java.lang.String,java.lang.Class)]
1.18.0;fd00c652;Dec-12-2016;016;[br.gov.dpf.epol.rest.PatchOperation.getEntidadeDoJsonPatch(br.gov.dpf.epol.validator.RestValidador,java.lang.Object,java.lang.String,java.lang.Class)]
1.18.0;fd00c652;Dec-12-2016;016;[br.gov.dpf.epol.rest.PatchOperation.getEntidadeDoJsonPatch(br.gov.dpf.epol.validator.RestValidador,java.lang.Object,java.lang.String,java.lang.Class)]
1.18.0;fd00c652;Dec-12-2016;016;[br.gov.dpf.epol.rest.PatchOperation.getEntidadeDoJsonPatch(br.gov.dpf.epol.validator.RestValidador,java.lang.Object,java.lang.String,java.lang.Class)]
1.18.0;fd00c652;Dec-12-2016;016;[br.gov.dpf.epol.rest.anexo.AnexoRest.cadastrarAnexo(org.jboss.resteasy.plugins.providers.multipart.MultipartFormDataInput)]
1.18.0;fd00c652;Dec-12-2016;016;[br.gov.dpf.epol.rest.caso.ProcedimentoSubRecurso.atualizarProcedimento(java.lang.Long,br.gov.dpf.epol.pojo.procedimento.Procedimento)]
1.18.0;fd00c652;Dec-12-2016;016;[br.gov.dpf.epol.rest.flagrante.FlagranteREST$1.apply(br.gov.dpf.epol.rest.EpolEntidadeWrapper)]
1.18.0;fd00c652;Dec-12-2016;016;[br.gov.dpf.epol.rest.peca.TemplatePecaRest.atualizarTemplate(java.lang.Long,java.io.InputStream)]
1.18.0;fd00c652;Dec-12-2016;016;[br.gov.dpf.epol.rest.tarefa.TarefaSubRecurso.cadastrarTarefa(java.lang.Long,br.gov.dpf.epol.pojo.tarefa.Tarefa)]
1.18.0;fd00c652;Dec-12-2016;016;[br.gov.dpf.epol.rest.caso.ApensoSubRecurso.recuperaPecasApenso(java.lang.Long,javax.ws.rs.core.Request)]
1.18.0;fd00c652;Dec-12-2016;016;[br.gov.dpf.epol.util.rest.EpolResponse.build(java.lang.Object,javax.ws.rs.core.Request,int)]
1.18.0;fd00c652;Dec-12-2016;016;[br.gov.dpf.epol.util.rest.EpolResponse.build(java.lang.Object,javax.ws.rs.core.Request,int)]
1.18.0;fd00c652;Dec-12-2016;016;[br.gov.dpf.epol.rest.tarefa.AtoPresencialSubRecurso.cadastrarAtoPresencial(java.lang.Long,br.gov.dpf.epol.pojo.tarefa.AtoPresencial)]
1.18.0;fd00c652;Dec-12-2016;016;[br.gov.dpf.epol.rest.peca.PecaSubRecurso.cadastrarDocumentoPeca(java.lang.Long,java.lang.Long,org.jboss.resteasy.plugins.providers.multipart.MultipartFormDataInput)]
1.18.0;fd00c652;Dec-12-2016;016;[br.gov.dpf.epol.rest.caso.ProcedimentoSubRecurso.atualizarCasoPatch(java.lang.Long,java.io.InputStream)]
1.18.0;fd00c652;Dec-12-2016;016;[br.gov.dpf.epol.rest.caso.ProcedimentoSubRecurso.atualizarCasoPatch(java.lang.Long,java.io.InputStream)]
1.18.0;fd00c652;Dec-12-2016;016;[br.gov.dpf.epol.rest.material.MaterialSubRecurso.atualizarMaterial(java.lang.Long,br.gov.dpf.epol.pojo.material.Material)]
1.18.0;fd00c652;Dec-12-2016;016;[br.gov.dpf.epol.rest.flagrante.FlagranteREST.atualizarCasoPatch(javax.ws.rs.core.Request,java.lang.Long,java.io.InputStream)]
1.18.0;fd00c652;Dec-12-2016;016;[br.gov.dpf.epol.rest.usuario.UsuarioRest.buscaTarefasDoServidor(java.lang.String,java.lang.String,javax.ws.rs.core.UriInfo)]
1.18.0;fd00c652;Dec-12-2016;016;[br.gov.dpf.epol.rest.material.MaterialSubRecurso.cadastrarMaterial(java.lang.Long,br.gov.dpf.epol.pojo.material.Material)]
1.18.0;fd00c652;Dec-12-2016;016;[br.gov.dpf.epol.rest.usuario.UsuarioRest.cadastraSolicitacaoPermissaoServidor(br.gov.dpf.epol.pojo.tarefa.Tarefa)]
1.18.0;fd00c652;Dec-12-2016;016;[br.gov.dpf.epol.rest.usuario.UsuarioRest.getAutenticacao(java.lang.String,java.lang.String)]
1.18.0;fd00c652;Dec-12-2016;016;[br.gov.dpf.epol.rest.caso.AssociacaoSubRecurso.acessarCasosAssociados(java.lang.Long,java.lang.String,java.lang.String,java.lang.String,javax.ws.rs.core.Request)]
1.18.0;fd00c652;Dec-12-2016;016;[br.gov.dpf.epol.rest.usuario.UsuarioRest.buscaNotificacoesDoUsuario(java.lang.Long)]
1.18.0;fd00c652;Dec-12-2016;016;[br.gov.dpf.epol.rest.usuario.UsuarioRest.buscaNotificacoesDoUsuario(java.lang.Long)]
1.18.0;fd00c652;Dec-12-2016;016;[br.gov.dpf.epol.rest.usuario.UsuarioRest.buscaNotificacoesDoUsuario(java.lang.Long)]
1.18.0;fd00c652;Dec-12-2016;016;[br.gov.dpf.epol.rest.usuario.UsuarioRest.buscaNotificacoesDoUsuario(java.lang.Long)]
1.18.0;fd00c652;Dec-12-2016;016;[br.gov.dpf.epol.rest.envolvido.PessoaREST.listarPessoas(java.lang.String,java.lang.String,java.lang.Boolean,javax.ws.rs.core.UriInfo)]
1.18.0;fd00c652;Dec-12-2016;016;[br.gov.dpf.epol.rest.usuario.UsuarioRest.deletaNotificacaoDoUsuario(java.lang.Long,java.lang.Long)]
1.18.0;fd00c652;Dec-12-2016;016;[br.gov.dpf.epol.rest.usuario.UsuarioRest.deletaNotificacaoDoUsuario(java.lang.Long,java.lang.Long)]
1.18.0;fd00c652;Dec-12-2016;016;[br.gov.dpf.epol.rest.usuario.UsuarioRest.deletaNotificacaoDoUsuario(java.lang.Long,java.lang.Long)]
1.18.0;fd00c652;Dec-12-2016;016;[br.gov.dpf.epol.rest.usuario.UsuarioRest.deletaNotificacaoDoUsuario(java.lang.Long,java.lang.Long)]
1.18.0;fd00c652;Dec-12-2016;016;[br.gov.dpf.epol.rest.flagrante.FlagranteSubRecurso.atualizarFlagrantePatch(java.lang.Long,java.io.InputStream)]
1.18.0;fd00c652;Dec-12-2016;016;[br.gov.dpf.epol.rest.tarefa.AtoPresencialSubRecurso.getAtolPresencial(java.lang.Long,java.lang.Long)]
1.18.0;fd00c652;Dec-12-2016;016;[br.gov.dpf.epol.rest.peca.PecaSubRecurso.atualizarCasoPatch(java.lang.Long,java.lang.Long,java.io.InputStream)]
1.18.0;fd00c652;Dec-12-2016;016;[br.gov.dpf.epol.rest.caso.ArrecadacaoSubRecurso.consultarArrecadacoes(java.lang.Long,java.lang.String,java.lang.String,java.lang.Boolean,javax.ws.rs.core.UriInfo,javax.ws.rs.core.Request)]
1.18.0;fd00c652;Dec-12-2016;016;[br.gov.dpf.epol.rest.caso.ArrecadacaoSubRecurso.consultarArrecadacoes(java.lang.Long,java.lang.String,java.lang.String,java.lang.Boolean,javax.ws.rs.core.UriInfo,javax.ws.rs.core.Request)]
1.18.0;fd00c652;Dec-12-2016;016;[br.gov.dpf.epol.rest.caso.ArrecadacaoSubRecurso.consultarArrecadacoes(java.lang.Long,java.lang.String,java.lang.String,java.lang.Boolean,javax.ws.rs.core.UriInfo,javax.ws.rs.core.Request)]
1.18.0;fd00c652;Dec-12-2016;016;[br.gov.dpf.epol.rest.peca.PecaREST.listarPecas(java.lang.String,java.lang.String,java.lang.Boolean,javax.ws.rs.core.UriInfo)]
1.18.0;fd00c652;Dec-12-2016;016;[br.gov.dpf.epol.rest.caso.CasoREST.atualizarCasoPatch(javax.ws.rs.core.Request,java.lang.Long,java.io.InputStream)]
1.18.0;fd00c652;Dec-12-2016;016;[br.gov.dpf.epol.rest.caso.PortariaREST.atualizarCasoPatch(javax.ws.rs.core.Request,java.lang.Long,java.io.InputStream)]
1.18.0;fd00c652;Dec-12-2016;016;[br.gov.dpf.epol.rest.caso.PortariaREST$1.apply(br.gov.dpf.epol.rest.EpolEntidadeWrapper)]
1.18.0;fd00c652;Dec-12-2016;016;[br.gov.dpf.epol.rest.caso.CasoREST$1.apply(br.gov.dpf.epol.rest.EpolEntidadeWrapper)]
1.18.0;fd00c652;Dec-12-2016;016;[br.gov.dpf.epol.rest.roteiro.RoteiroInvestigacaoRest.cadastrarRoteiro(br.gov.dpf.epol.pojo.roteiro.RoteiroInvestigacao)]
1.18.0;fd00c652;Dec-12-2016;016;[br.gov.dpf.epol.rest.usuario.UsuarioRest.marcaComoLidaNotificacaoDoUsuario(java.lang.Long,java.lang.Long,br.gov.dpf.epol.pojo.notificacao.Notificacao)]
1.18.0;fd00c652;Dec-12-2016;016;[br.gov.dpf.epol.rest.usuario.UsuarioRest.marcaComoLidaNotificacaoDoUsuario(java.lang.Long,java.lang.Long,br.gov.dpf.epol.pojo.notificacao.Notificacao)]
1.18.0;fd00c652;Dec-12-2016;016;[br.gov.dpf.epol.rest.usuario.UsuarioRest.marcaComoLidaNotificacaoDoUsuario(java.lang.Long,java.lang.Long,br.gov.dpf.epol.pojo.notificacao.Notificacao)]
1.18.0;fd00c652;Dec-12-2016;016;[br.gov.dpf.epol.rest.usuario.UsuarioRest.marcaComoLidaNotificacaoDoUsuario(java.lang.Long,java.lang.Long,br.gov.dpf.epol.pojo.notificacao.Notificacao)]
1.18.0;fd00c652;Dec-12-2016;016;[br.gov.dpf.epol.rest.procedimento.ProcedimentoREST.filtrarProcedimentos(java.lang.String,java.lang.String,javax.ws.rs.core.UriInfo)]
1.18.0;fd00c652;Dec-12-2016;016;[br.gov.dpf.epol.util.rest.EpolResponse.build(java.lang.Object,javax.ws.rs.core.Request,java.net.URI)]
1.18.0;fd00c652;Dec-12-2016;016;[br.gov.dpf.epol.util.rest.EpolResponse.build(java.lang.Object,javax.ws.rs.core.Request,java.net.URI)]
1.18.0;fd00c652;Dec-12-2016;016;[br.gov.dpf.epol.rest.tarefa.TarefaSubRecurso.atualizarTarefaPatch(java.lang.Long,java.lang.Long,java.io.InputStream)]
1.18.0;fd00c652;Dec-12-2016;016;[br.gov.dpf.epol.rest.tarefa.TarefaSubRecurso.atualizarTarefaPatch(java.lang.Long,java.lang.Long,java.io.InputStream)]
1.18.0;fd00c652;Dec-12-2016;016;[br.gov.dpf.epol.rest.envolvimento.EnvolvimentoSubRecurso.atualizarEnvolvimentoPatch(java.lang.Long,java.lang.Long,java.lang.Long,java.io.InputStream)]
1.18.0;fd00c652;Dec-12-2016;016;[br.gov.dpf.epol.rest.cenario.PovoadorREST.executarCenariosFixos()]
1.18.0;fd00c652;Dec-12-2016;016;[br.gov.dpf.epol.rest.cenario.PovoadorREST.executarCenariosFixos()]
1.18.0;fd00c652;Dec-12-2016;016;[br.gov.dpf.epol.rest.cenario.PovoadorREST.executarCenariosFixos()]
1.18.0;fd00c652;Dec-12-2016;013.2;[br.gov.dpf.epol.services.unidade.UnidadeBean$1]
1.18.0;fd00c652;Dec-12-2016;013.2;[br.gov.dpf.epol.services.tarefa.TarefaBean$1]
1.18.0;fd00c652;Dec-12-2016;013.2;[br.gov.dpf.epol.services.envolvimento.EnvolvimentoBean$1]
1.18.0;fd00c652;Dec-12-2016;013.2;[br.gov.dpf.epol.services.sugestao.SugestaoBean]
1.18.0;fd00c652;Dec-12-2016;013.2;[br.gov.dpf.epol.services.tarefa.AtoPresencialBean$1]
1.18.0;fd00c652;Dec-12-2016;013.2;[br.gov.dpf.epol.services.unidade.UnidadeBean$UnidadeComparator]
1.18.0;fd00c652;Dec-12-2016;013.2;[br.gov.dpf.epol.services.flagrante.FlagranteBean$1]
1.18.0;fd00c652;Dec-12-2016;013.2;[br.gov.dpf.epol.services.material.MovimentarMaterialBean$1]
1.18.0;fd00c652;Dec-12-2016;013.2;[br.gov.dpf.epol.services.sugestao.SugestaoNoticiaCrimeFederalBean]
1.18.0;fd00c652;Dec-12-2016;013.2;[br.gov.dpf.epol.services.envolvido.PessoaBean$2]
1.18.0;fd00c652;Dec-12-2016;013.2;[br.gov.dpf.epol.services.envolvido.PessoaBean$1]
1.18.0;fd00c652;Dec-12-2016;013.2;[br.gov.dpf.epol.services.caso.CasoBean$1]
1.18.0;fd00c652;Dec-12-2016;013.2;[br.gov.dpf.epol.services.material.MaterialBean$1]
1.18.0;fd00c652;Dec-12-2016;013.2;[br.gov.dpf.epol.services.flagrante.FlagranteNovoBean$1]
1.18.0;fd00c652;Dec-12-2016;013.2;[br.gov.dpf.epol.services.representacaoJudicial.RepresentacaoJudicialBean$1]
1.18.0;fd00c652;Dec-12-2016;013.1;[br.gov.dpf.epol.services.representacaoJudicial.PedidoService]
1.18.0;fd00c652;Dec-12-2016;013.1;[br.gov.dpf.epol.pojo.annotations.AnotacaoSugestaoService$Tipo]
1.18.0;fd00c652;Dec-12-2016;013.1;[br.gov.dpf.epol.services.sugestao.SugestaoService]
1.18.0;fd00c652;Dec-12-2016;013.1;[br.gov.dpf.epol.pojo.annotations.AnotacaoSugestaoService]
1.18.0;fd00c652;Dec-12-2016;012;[br.gov.dpf.epol.dto.corporativo.DadosPessoaisDTO]
1.18.0;fd00c652;Dec-12-2016;012;[br.gov.dpf.epol.dto.corporativo.CategoriaDTO]
1.18.0;fd00c652;Dec-12-2016;012;[br.gov.dpf.epol.dto.corporativo.BairroDTO]
1.18.0;fd00c652;Dec-12-2016;012;[br.gov.dpf.epol.dto.Identificavel]
1.18.0;fd00c652;Dec-12-2016;012;[br.gov.dpf.epol.dto.material.TipoDestruicao]
1.18.0;fd00c652;Dec-12-2016;012;[br.gov.dpf.epol.dto.corporativo.DispositivoNormaDTO]
1.18.0;fd00c652;Dec-12-2016;012;[br.gov.dpf.epol.dto.envolvimento.ListaIdEnvolvimentoConduta]
1.18.0;fd00c652;Dec-12-2016;012;[br.gov.dpf.epol.dto.material.MovimentacaoMaterial]
1.18.0;fd00c652;Dec-12-2016;012;[br.gov.dpf.epol.dto.corporativo.CargoDTO]
1.18.0;fd00c652;Dec-12-2016;012;[br.gov.dpf.epol.dto.corporativo.NormaPenalDTO]
1.18.0;fd00c652;Dec-12-2016;012;[br.gov.dpf.epol.dto.pagina.Metadados]
1.18.0;fd00c652;Dec-12-2016;012;[br.gov.dpf.epol.dto.pagina.QuantidadeCaso]
1.18.0;fd00c652;Dec-12-2016;012;[br.gov.dpf.epol.dto.material.TipoDestinatarioMaterial]
1.18.0;fd00c652;Dec-12-2016;012;[br.gov.dpf.epol.dto.pagina.Paginacao]
1.18.0;fd00c652;Dec-12-2016;012;[br.gov.dpf.epol.dto.monitoramento.CanalBroadcast]
1.18.0;fd00c652;Dec-12-2016;012;[br.gov.dpf.epol.dto.caso.CasoDTO]
1.18.0;fd00c652;Dec-12-2016;012;[br.gov.dpf.epol.dto.corporativo.EnderecoDTO]
1.18.0;fd00c652;Dec-12-2016;012;[br.gov.dpf.epol.dto.corporativo.TipoDispositivoDTO]
1.18.0;fd00c652;Dec-12-2016;012;[br.gov.dpf.epol.dto.usuario.Autenticacao]
1.18.0;fd00c652;Dec-12-2016;012;[br.gov.dpf.epol.dto.corporativo.ServidorDTO]
1.18.0;fd00c652;Dec-12-2016;012;[br.gov.dpf.epol.dto.caso.AssociacaoCasoDTO]
1.18.0;fd00c652;Dec-12-2016;012;[br.gov.dpf.epol.dto.corporativo.MunicipioDTO]
1.18.0;fd00c652;Dec-12-2016;012;[br.gov.dpf.epol.dto.corporativo.AgenciaBancariaDTO]
1.18.0;fd00c652;Dec-12-2016;012;[br.gov.dpf.epol.dto.corporativo.LogradouroDTO]
1.18.0;fd00c652;Dec-12-2016;012;[br.gov.dpf.epol.dto.material.TipoMovimentacaoMaterial]
1.18.0;fd00c652;Dec-12-2016;012;[br.gov.dpf.epol.dto.corporativo.LocalidadeDTO]
1.18.0;fd00c652;Dec-12-2016;012;[br.gov.dpf.epol.dto.corporativo.PaisDTO]
1.18.0;fd00c652;Dec-12-2016;012;[br.gov.dpf.epol.dto.envolvimento.AssociacaoEnvolvimentoConduta]
1.18.0;fd00c652;Dec-12-2016;012;[br.gov.dpf.epol.dto.corporativo.EstadoDTO]
1.18.0;fd00c652;Dec-12-2016;012;[br.gov.dpf.epol.dto.corporativo.CepDTO]
1.18.0;fd00c652;Dec-12-2016;012;[br.gov.dpf.epol.dto.corporativo.TipoNormaDTO]
1.18.0;fd00c652;Dec-12-2016;012;[br.gov.dpf.epol.dto.caso.Desmembramento]
1.18.0;fd00c652;Dec-12-2016;012;[br.gov.dpf.epol.dto.corporativo.BancoDTO]
1.18.0;fd00c652;Dec-12-2016;012;[br.gov.dpf.epol.dto.corporativo.UnidadeDTO]
1.18.0;fd00c652;Dec-12-2016;012;[br.gov.dpf.epol.dto.corporativo.ProfissaoDTO]
